2017-10-23 21:14:01,858 - INFO - the marked points are Point(-0.532822, -0.085479, -0.988912), Point(-0.318522, -0.136817, -0.743645), Point(0.131632, -0.146865, -0.748454)
2017-10-23 21:14:49,234 - INFO - the opt params: [ 0.82943215  0.0146316   0.00669287], the value is 4.089998010571823e-07
2017-10-23 21:14:51,247 - INFO - write into the file 10kpa
2017-10-23 21:20:01,316 - INFO - the marked points are Point(-0.532822, -0.085479, -0.988912), Point(-0.318522, -0.136817, -0.743645), Point(0.131632, -0.146865, -0.748454)
2017-10-23 21:20:05,626 - INFO - the opt params: [ 0.82954697  0.01465574  0.00671124], the value is 4.094912850837817e-07
2017-10-23 21:20:07,638 - INFO - write into the file 10kpa
2017-10-23 21:20:41,973 - INFO - the marked points are Point(-0.509, -0.086122, -0.990893), Point(-0.303955, -0.13808, -0.748387), Point(0.136514, -0.152357, -0.746418)
2017-10-23 21:20:45,467 - INFO - the opt params: [ 0.83015415  0.01147383  0.01780214], the value is 5.001790876529977e-08
2017-10-23 21:20:47,480 - INFO - write into the file 10kpa
2017-10-23 21:21:35,598 - INFO - the marked points are Point(-0.509, -0.086122, -0.990893), Point(-0.303955, -0.13808, -0.748387), Point(0.136514, -0.152357, -0.746418)
2017-10-23 21:29:01,495 - INFO - the marked points are Point(-0.50621, -0.113321, -0.910001), Point(-0.281766, -0.155352, -0.681817), Point(0.158312, -0.143923, -0.710716)
2017-10-23 21:29:31,603 - INFO - the opt params: [ 0.822604    0.02191026 -0.03967655], the value is 1.2549075802932668e-07
2017-10-23 21:29:33,615 - INFO - write into the file 10kpa
2017-10-23 21:29:34,630 - INFO - the marked points are Point(-0.532822, -0.085479, -0.988912), Point(-0.318522, -0.136817, -0.743645), Point(0.131632, -0.146865, -0.748454)
2017-10-23 21:30:21,877 - INFO - the opt params: [ 0.82943215  0.0146316   0.00669287], the value is 4.089998010571823e-07
2017-10-23 21:30:23,890 - INFO - write into the file 1kpa
2017-10-23 21:30:24,904 - INFO - the marked points are Point(-0.509, -0.086122, -0.990893), Point(-0.303955, -0.13808, -0.748387), Point(0.136514, -0.152357, -0.746418)
2017-10-23 21:31:04,155 - INFO - the opt params: [ 0.83003395  0.01144796  0.01778197], the value is 4.9500354872350345e-08
2017-10-23 21:31:06,169 - INFO - write into the file 2kpa
2017-10-23 21:31:07,183 - INFO - the marked points are Point(-0.474322, -0.109281, -1.002739), Point(-0.272538, -0.153749, -0.749671), Point(0.173101, -0.145205, -0.732099)
2017-10-23 21:32:02,709 - INFO - the opt params: [ 0.82150766 -0.02766189  0.00664056], the value is 4.318321041722894e-07
2017-10-23 21:32:04,723 - INFO - write into the file 3kpa
2017-10-23 21:32:05,737 - INFO - the marked points are Point(-0.49413, -0.109774, -0.959375), Point(-0.278517, -0.15567, -0.724144), Point(0.165056, -0.155408, -0.738419)
2017-10-23 21:33:11,182 - INFO - the opt params: [ 0.82762386  0.01622816 -0.01414108], the value is 2.1193095717225397e-06
2017-10-23 21:33:13,197 - INFO - write into the file 4kpa
2017-10-23 21:33:14,212 - INFO - the marked points are Point(-0.509364, -0.050099, -0.972183), Point(-0.291325, -0.108453, -0.737793), Point(0.156225, -0.101849, -0.751606)
2017-10-23 21:34:16,468 - INFO - the opt params: [ 0.77667799  0.0100207  -0.01983916], the value is 1.935719644196332e-06
2017-10-23 21:34:18,481 - INFO - write into the file 5kpa
2017-10-23 21:34:19,496 - INFO - the marked points are Point(-0.474333, -0.043866, -0.964085), Point(-0.258547, -0.104277, -0.72971), Point(0.18563, -0.10326, -0.742065)
2017-10-23 21:35:08,988 - INFO - the opt params: [ 0.77802576  0.01308246 -0.01211854], the value is 9.540635383357159e-08
2017-10-23 21:35:11,001 - INFO - write into the file 6pka
2017-10-23 21:35:12,015 - INFO - the marked points are Point(-0.518332, -0.05526, -0.981715), Point(-0.301045, -0.11283, -0.751166), Point(0.138734, -0.115168, -0.770186)
2017-10-23 21:35:40,779 - INFO - the opt params: [ 0.7919297   0.02359331 -0.01429548], the value is 7.482917101699075e-08
2017-10-23 21:35:42,791 - INFO - write into the file 7kpa
2017-10-23 21:35:43,793 - INFO - the marked points are Point(-0.511558, -0.048598, -0.909464), Point(-0.286253, -0.108373, -0.688025), Point(0.150146, -0.111931, -0.723908)
2017-10-23 21:36:21,263 - INFO - the opt params: [ 0.78647219  0.04376739 -0.02759708], the value is 1.3978372768381212e-06
2017-10-23 21:36:23,278 - INFO - write into the file 8kpa
2017-10-23 21:36:24,293 - INFO - the marked points are Point(-0.506163, -0.076509, -0.928449), Point(-0.282734, -0.131408, -0.701487), Point(0.157983, -0.138976, -0.732187)
2017-10-23 21:36:54,962 - INFO - the opt params: [ 0.81040355  0.0414719  -0.01935773], the value is 7.871176292616469e-08
2017-10-23 21:36:56,974 - INFO - write into the file 9kpa
2017-10-23 21:59:43,759 - INFO - the marked points are Point(-0.50621, -0.113321, -0.910001), Point(-0.281766, -0.155352, -0.681817), Point(0.158312, -0.143923, -0.710716)
